# JRE version: Java(TM) SE Runtime Environment (8.0_281-b09) (build 1.8.0_281-b09)
# Java VM: Java HotSpot(TM) 64-Bit Server VM (25.281-b09 mixed mode windows-amd64 compressed oops)
Heap:
 PSYoungGen      total 13824K, used 6143K [0x00000000f0b80000, 0x00000000f2080000, 0x0000000100000000)
  eden space 12288K, 37% used [0x00000000f0b80000,0x00000000f1007e08,0x00000000f1780000)
  from space 1536K, 97% used [0x00000000f1780000,0x00000000f18f8030,0x00000000f1900000)
  to   space 4608K, 0% used [0x00000000f1c00000,0x00000000f1c00000,0x00000000f2080000)
 ParOldGen       total 31744K, used 9319K [0x00000000d2200000, 0x00000000d4100000, 0x00000000f0b80000)
  object space 31744K, 29% used [0x00000000d2200000,0x00000000d2b19f70,0x00000000d4100000)
 Metaspace       used 17641K, capacity 18372K, committed 18560K, reserved 1064960K
  class space    used 2215K, capacity 2404K, committed 2432K, reserved 1048576K
GC Heap History (10 events):
Event: 1.999 GC heap before
{Heap before GC invocations=1 (full 0):
 PSYoungGen      total 13824K, used 12288K [0x00000000f0b80000, 0x00000000f1a80000, 0x0000000100000000)
  eden space 12288K, 100% used [0x00000000f0b80000,0x00000000f1780000,0x00000000f1780000)
  from space 1536K, 0% used [0x00000000f1900000,0x00000000f1900000,0x00000000f1a80000)
  to   space 1536K, 0% used [0x00000000f1780000,0x00000000f1780000,0x00000000f1900000)
 ParOldGen       total 31744K, used 0K [0x00000000d2200000, 0x00000000d4100000, 0x00000000f0b80000)
  object space 31744K, 0% used [0x00000000d2200000,0x00000000d2200000,0x00000000d4100000)
 Metaspace       used 7867K, capacity 7952K, committed 8192K, reserved 1056768K
  class space    used 921K, capacity 946K, committed 1024K, reserved 1048576K
Event: 2.007 GC heap after
Heap after GC invocations=1 (full 0):
 PSYoungGen      total 13824K, used 1520K [0x00000000f0b80000, 0x00000000f1a80000, 0x0000000100000000)
  eden space 12288K, 0% used [0x00000000f0b80000,0x00000000f0b80000,0x00000000f1780000)
  from space 1536K, 98% used [0x00000000f1780000,0x00000000f18fc010,0x00000000f1900000)
  to   space 1536K, 0% used [0x00000000f1900000,0x00000000f1900000,0x00000000f1a80000)
 ParOldGen       total 31744K, used 1438K [0x00000000d2200000, 0x00000000d4100000, 0x00000000f0b80000)
  object space 31744K, 4% used [0x00000000d2200000,0x00000000d23678c0,0x00000000d4100000)
 Metaspace       used 7867K, capacity 7952K, committed 8192K, reserved 1056768K
  class space    used 921K, capacity 946K, committed 1024K, reserved 1048576K
}
Event: 3.115 GC heap before
{Heap before GC invocations=2 (full 0):
 PSYoungGen      total 13824K, used 13808K [0x00000000f0b80000, 0x00000000f1a80000, 0x0000000100000000)
  eden space 12288K, 100% used [0x00000000f0b80000,0x00000000f1780000,0x00000000f1780000)
  from space 1536K, 98% used [0x00000000f1780000,0x00000000f18fc010,0x00000000f1900000)
  to   space 1536K, 0% used [0x00000000f1900000,0x00000000f1900000,0x00000000f1a80000)
 ParOldGen       total 31744K, used 1438K [0x00000000d2200000, 0x00000000d4100000, 0x00000000f0b80000)
  object space 31744K, 4% used [0x00000000d2200000,0x00000000d23678c0,0x00000000d4100000)
 Metaspace       used 10858K, capacity 11000K, committed 11136K, reserved 1058816K
  class space    used 1299K, capacity 1366K, committed 1408K, reserved 1048576K
Event: 3.129 GC heap after
Heap after GC invocations=2 (full 0):
 PSYoungGen      total 13824K, used 1504K [0x00000000f0b80000, 0x00000000f1a80000, 0x0000000100000000)
  eden space 12288K, 0% used [0x00000000f0b80000,0x00000000f0b80000,0x00000000f1780000)
  from space 1536K, 97% used [0x00000000f1900000,0x00000000f1a78040,0x00000000f1a80000)
  to   space 1536K, 0% used [0x00000000f1780000,0x00000000f1780000,0x00000000f1900000)
 ParOldGen       total 31744K, used 3364K [0x00000000d2200000, 0x00000000d4100000, 0x00000000f0b80000)
  object space 31744K, 10% used [0x00000000d2200000,0x00000000d2549348,0x00000000d4100000)
 Metaspace       used 10858K, capacity 11000K, committed 11136K, reserved 1058816K
  class space    used 1299K, capacity 1366K, committed 1408K, reserved 1048576K
}
Event: 3.942 GC heap before
{Heap before GC invocations=3 (full 0):
 PSYoungGen      total 13824K, used 13792K [0x00000000f0b80000, 0x00000000f1a80000, 0x0000000100000000)
  eden space 12288K, 100% used [0x00000000f0b80000,0x00000000f1780000,0x00000000f1780000)
  from space 1536K, 97% used [0x00000000f1900000,0x00000000f1a78040,0x00000000f1a80000)
  to   space 1536K, 0% used [0x00000000f1780000,0x00000000f1780000,0x00000000f1900000)
 ParOldGen       total 31744K, used 3364K [0x00000000d2200000, 0x00000000d4100000, 0x00000000f0b80000)
  object space 31744K, 10% used [0x00000000d2200000,0x00000000d2549348,0x00000000d4100000)
 Metaspace       used 12963K, capacity 13126K, committed 13440K, reserved 1060864K
  class space    used 1522K, capacity 1577K, committed 1664K, reserved 1048576K
Event: 3.952 GC heap after
Heap after GC invocations=3 (full 0):
 PSYoungGen      total 13824K, used 1504K [0x00000000f0b80000, 0x00000000f1a80000, 0x0000000100000000)
  eden space 12288K, 0% used [0x00000000f0b80000,0x00000000f0b80000,0x00000000f1780000)
  from space 1536K, 97% used [0x00000000f1780000,0x00000000f18f8020,0x00000000f1900000)
  to   space 1536K, 0% used [0x00000000f1900000,0x00000000f1900000,0x00000000f1a80000)
 ParOldGen       total 31744K, used 5968K [0x00000000d2200000, 0x00000000d4100000, 0x00000000f0b80000)
  object space 31744K, 18% used [0x00000000d2200000,0x00000000d27d4040,0x00000000d4100000)
 Metaspace       used 12963K, capacity 13126K, committed 13440K, reserved 1060864K
  class space    used 1522K, capacity 1577K, committed 1664K, reserved 1048576K
}
Event: 5.105 GC heap before
{Heap before GC invocations=4 (full 0):
 PSYoungGen      total 13824K, used 13792K [0x00000000f0b80000, 0x00000000f1a80000, 0x0000000100000000)
  eden space 12288K, 100% used [0x00000000f0b80000,0x00000000f1780000,0x00000000f1780000)
  from space 1536K, 97% used [0x00000000f1780000,0x00000000f18f8020,0x00000000f1900000)
  to   space 1536K, 0% used [0x00000000f1900000,0x00000000f1900000,0x00000000f1a80000)
 ParOldGen       total 31744K, used 5968K [0x00000000d2200000, 0x00000000d4100000, 0x00000000f0b80000)
  object space 31744K, 18% used [0x00000000d2200000,0x00000000d27d4040,0x00000000d4100000)
 Metaspace       used 14831K, capacity 15272K, committed 15616K, reserved 1062912K
  class space    used 1805K, capacity 1944K, committed 2048K, reserved 1048576K
Event: 5.114 GC heap after
Heap after GC invocations=4 (full 0):
 PSYoungGen      total 13824K, used 1504K [0x00000000f0b80000, 0x00000000f1a80000, 0x0000000100000000)
  eden space 12288K, 0% used [0x00000000f0b80000,0x00000000f0b80000,0x00000000f1780000)
  from space 1536K, 97% used [0x00000000f1900000,0x00000000f1a78030,0x00000000f1a80000)
  to   space 1536K, 0% used [0x00000000f1780000,0x00000000f1780000,0x00000000f1900000)
 ParOldGen       total 31744K, used 7409K [0x00000000d2200000, 0x00000000d4100000, 0x00000000f0b80000)
  object space 31744K, 23% used [0x00000000d2200000,0x00000000d293c638,0x00000000d4100000)
 Metaspace       used 14831K, capacity 15272K, committed 15616K, reserved 1062912K
  class space    used 1805K, capacity 1944K, committed 2048K, reserved 1048576K
}
Event: 7.567 GC heap before
{Heap before GC invocations=5 (full 0):
 PSYoungGen      total 13824K, used 13792K [0x00000000f0b80000, 0x00000000f1a80000, 0x0000000100000000)
  eden space 12288K, 100% used [0x00000000f0b80000,0x00000000f1780000,0x00000000f1780000)
  from space 1536K, 97% used [0x00000000f1900000,0x00000000f1a78030,0x00000000f1a80000)
  to   space 1536K, 0% used [0x00000000f1780000,0x00000000f1780000,0x00000000f1900000)
 ParOldGen       total 31744K, used 7409K [0x00000000d2200000, 0x00000000d4100000, 0x00000000f0b80000)
  object space 31744K, 23% used [0x00000000d2200000,0x00000000d293c638,0x00000000d4100000)
 Metaspace       used 17135K, capacity 17818K, committed 18048K, reserved 1064960K
  class space    used 2135K, capacity 2329K, committed 2432K, reserved 1048576K
Event: 7.577 GC heap after
Heap after GC invocations=5 (full 0):
 PSYoungGen      total 13824K, used 1504K [0x00000000f0b80000, 0x00000000f2080000, 0x0000000100000000)
  eden space 12288K, 0% used [0x00000000f0b80000,0x00000000f0b80000,0x00000000f1780000)
  from space 1536K, 97% used [0x00000000f1780000,0x00000000f18f8030,0x00000000f1900000)
  to   space 4608K, 0% used [0x00000000f1c00000,0x00000000f1c00000,0x00000000f2080000)
 ParOldGen       total 31744K, used 9319K [0x00000000d2200000, 0x00000000d4100000, 0x00000000f0b80000)
  object space 31744K, 29% used [0x00000000d2200000,0x00000000d2b19f70,0x00000000d4100000)
 Metaspace       used 17135K, capacity 17818K, committed 18048K, reserved 1064960K
  class space    used 2135K, capacity 2329K, committed 2432K, reserved 1048576K
}

