<?xml version="1.0" encoding="UTF-8"?>
<!-- Generated by org.testng.reporters.JUnitXMLReporter -->
<testsuite hostname="ANVER-PC" ignored="0" tests="10" failures="0" timestamp="2021-07-22T21:09:31 IST" time="112.056" errors="0">
  <testcase name="verifyDemo" time="0.31" classname="AllUsersPageTest"/>
  <testcase name="verifyUserListContainOb" time="0.416" classname="AllUsersPageTest"/>
  <testcase name="verifyAussieTimeSheetsimg" time="0.329" classname="HomePageTest"/>
  <testcase name="verifyLanguagesLinkIsAvailable" time="0.24" classname="HomePageTest"/>
  <testcase name="verifyPageTitle" time="0.037" classname="HomePageTest"/>
  <testcase name="verifyTodaysDate" time="0.128" classname="HomePageTest"/>
  <testcase name="verifyUsersMenuAvailable" time="1.375" classname="HomePageTest"/>
  <testcase name="verifyPageTitle" time="0.083" classname="LoginPageTest"/>
  <testcase name="verifySelectUserTypeDropDown" time="1.721" classname="NewUserPageTest"/>
  <testcase name="verifyUserDetails" time="0.013" classname="NewUserPageTest"/>
</testsuite>
