<?xml version="1.0" encoding="UTF-8"?>
<!-- Generated by org.testng.reporters.JUnitXMLReporter -->
<testsuite hostname="ANVER-PC" ignored="0" tests="5" failures="0" timestamp="22 Jul 2021 17:59:45 GMT" time="21.771" errors="0">
  <testcase name="verifyPageTitle" time="0.108" classname="HomePageTest"/>
  <testcase name="verifyAussieTimeSheetsimg" time="0.436" classname="HomePageTest"/>
  <testcase name="verifyUsersMenuAvailable" time="1.338" classname="HomePageTest"/>
  <testcase name="verifyLanguagesLinkIsAvailable" time="0.123" classname="HomePageTest"/>
  <testcase name="verifyTodaysDate" time="0.211" classname="HomePageTest"/>
</testsuite>
