<?xml version="1.0" encoding="UTF-8"?>
<!-- Generated by org.testng.reporters.JUnitXMLReporter -->
<testsuite hostname="ANVER-PC" ignored="0" name="Test" tests="5" failures="0" timestamp="25 Jul 2021 16:23:04 GMT" time="109.159" errors="0">
  <testcase name="verifyAussieTimeSheetsimg" time="3.67" classname="homePageTest.VerifyHomePageLogo"/>
  <testcase name="verifyPageTitle" time="0.064" classname="homePageTest.VerifyHomePageTitle"/>
  <testcase name="verifyLanguagesLinkIsAvailable" time="0.554" classname="homePageTest.verifyLanguageLinkAvailable"/>
  <testcase name="verifyDashboardText" time="0.009" classname="homePageTest.verifyDashBoardText"/>
  <testcase name="verifyShoppingCartIconisAvailable" time="0.437" classname="homePageTest.verifyShoppingCartIcon"/>
</testsuite> <!-- Test -->
