<?xml version="1.0" encoding="UTF-8"?>
<!-- Generated by org.testng.reporters.JUnitXMLReporter -->
<testsuite hostname="ANVER-PC" ignored="0" name="Test" tests="5" failures="0" timestamp="2021-07-25T22:39:53 IST" time="99.704" errors="0">
  <testcase name="verifyAussieTimeSheetsimg" time="0.599" classname="homePageTest.VerifyHomePageLogo"/>
  <testcase name="verifyPageTitle" time="0.021" classname="homePageTest.VerifyHomePageTitle"/>
  <testcase name="verifyLanguagesLinkIsAvailable" time="0.537" classname="homePageTest.verifyLanguageLinkAvailable"/>
  <testcase name="verifyDashboardText" time="0.359" classname="homePageTest.verifyDashBoardText"/>
  <testcase name="verifyShoppingCartIconisAvailable" time="0.343" classname="homePageTest.verifyShoppingCartIcon"/>
</testsuite> <!-- Test -->
