<?xml version="1.0" encoding="UTF-8"?>
<testng-results skipped="0" failed="0" ignored="0" total="1" passed="1">
  <reporter-output>
  </reporter-output>
  <suite name="Default suite" duration-ms="18482" started-at="2021-07-25T17:04:38Z" finished-at="2021-07-25T17:04:57Z">
    <groups>
    </groups>
    <test name="Default test" duration-ms="18482" started-at="2021-07-25T17:04:38Z" finished-at="2021-07-25T17:04:57Z">
      <class name="homePageTest.verifyShoppingCartIcon">
        <test-method status="PASS" signature="initializeDriver()[pri:0, instance:homePageTest.verifyShoppingCartIcon@42e26948]" name="initializeDriver" is-config="true" duration-ms="5285" started-at="2021-07-25T17:04:38Z" finished-at="2021-07-25T17:04:43Z">
          <reporter-output>
          </reporter-output>
        </test-method> <!-- initializeDriver -->
        <test-method status="PASS" signature="SigintoBrowser()[pri:0, instance:homePageTest.verifyShoppingCartIcon@42e26948]" name="SigintoBrowser" is-config="true" duration-ms="9940" started-at="2021-07-25T17:04:43Z" finished-at="2021-07-25T17:04:53Z">
          <reporter-output>
          </reporter-output>
        </test-method> <!-- SigintoBrowser -->
        <test-method status="PASS" signature="verifyShoppingCartIconisAvailable()[pri:0, instance:homePageTest.verifyShoppingCartIcon@42e26948]" name="verifyShoppingCartIconisAvailable" duration-ms="558" started-at="2021-07-25T17:04:53Z" finished-at="2021-07-25T17:04:54Z">
          <reporter-output>
          </reporter-output>
        </test-method> <!-- verifyShoppingCartIconisAvailable -->
        <test-method status="PASS" signature="signOut()[pri:0, instance:homePageTest.verifyShoppingCartIcon@42e26948]" name="signOut" is-config="true" duration-ms="1830" started-at="2021-07-25T17:04:54Z" finished-at="2021-07-25T17:04:56Z">
          <reporter-output>
          </reporter-output>
        </test-method> <!-- signOut -->
        <test-method status="PASS" signature="closeDriver()[pri:0, instance:homePageTest.verifyShoppingCartIcon@42e26948]" name="closeDriver" is-config="true" duration-ms="769" started-at="2021-07-25T17:04:56Z" finished-at="2021-07-25T17:04:57Z">
          <reporter-output>
          </reporter-output>
        </test-method> <!-- closeDriver -->
      </class> <!-- homePageTest.verifyShoppingCartIcon -->
    </test> <!-- Default test -->
  </suite> <!-- Default suite -->
</testng-results>
